<?xml version="1.0" encoding="UTF-8"?>
<!-- Generated by org.testng.reporters.JUnitXMLReporter -->
<testsuite hostname="P5-GKZ5T72" name="Test" tests="3" failures="0" timestamp="14 Jun 2019 06:10:39 GMT" time="0.074" errors="0">
  <testcase name="login" time="0.019" classname="testngFeatures.MercuryApp"/>
  <testcase name="bookFlight" time="0.002" classname="testngFeatures.MercuryApp"/>
  <testcase name="logout" time="0.003" classname="testngFeatures.MercuryApp"/>
</testsuite> <!-- Test -->
